[1.272s] Invoking command in '/home/ragul/ros2_workspace/build/my_robot_controller': PYTHONPATH=/home/ragul/ros2_workspace/build/my_robot_controller/prefix_override:/home/ragul/ros2_workspace/install/my_robot_controller/lib/python3.10/site-packages:${PYTHONPATH} /usr/bin/python3 setup.py develop --uninstall --editable --build-directory /home/ragul/ros2_workspace/build/my_robot_controller/build
[1.790s] running develop
[1.791s] /usr/lib/python3/dist-packages/setuptools/command/easy_install.py:158: EasyInstallDeprecationWarning: easy_install command is deprecated. Use build and pip and other standards-based tools.
[1.791s]   warnings.warn(
[1.793s] /usr/lib/python3/dist-packages/setuptools/command/install.py:34: SetuptoolsDeprecationWarning: setup.py install is deprecated. Use build and pip and other standards-based tools.
[1.794s]   warnings.warn(
[2.172s] Invoked command in '/home/ragul/ros2_workspace/build/my_robot_controller' returned '0': PYTHONPATH=/home/ragul/ros2_workspace/build/my_robot_controller/prefix_override:/home/ragul/ros2_workspace/install/my_robot_controller/lib/python3.10/site-packages:${PYTHONPATH} /usr/bin/python3 setup.py develop --uninstall --editable --build-directory /home/ragul/ros2_workspace/build/my_robot_controller/build
[2.175s] Invoking command in '/home/ragul/ros2_workspace/src/my_robot_controller': PYTHONPATH=/home/ragul/ros2_workspace/build/my_robot_controller/prefix_override:/home/ragul/ros2_workspace/install/my_robot_controller/lib/python3.10/site-packages:${PYTHONPATH} /usr/bin/python3 setup.py egg_info --egg-base ../../build/my_robot_controller build --build-base /home/ragul/ros2_workspace/build/my_robot_controller/build install --record /home/ragul/ros2_workspace/build/my_robot_controller/install.log --single-version-externally-managed
[2.655s] running egg_info
[2.656s] writing ../../build/my_robot_controller/my_robot_controller.egg-info/PKG-INFO
[2.657s] writing dependency_links to ../../build/my_robot_controller/my_robot_controller.egg-info/dependency_links.txt
[2.657s] writing entry points to ../../build/my_robot_controller/my_robot_controller.egg-info/entry_points.txt
[2.657s] writing requirements to ../../build/my_robot_controller/my_robot_controller.egg-info/requires.txt
[2.657s] writing top-level names to ../../build/my_robot_controller/my_robot_controller.egg-info/top_level.txt
[2.661s] reading manifest file '../../build/my_robot_controller/my_robot_controller.egg-info/SOURCES.txt'
[2.662s] writing manifest file '../../build/my_robot_controller/my_robot_controller.egg-info/SOURCES.txt'
[2.662s] running build
[2.663s] running build_py
[2.663s] copying my_robot_controller/my_first_node.py -> /home/ragul/ros2_workspace/build/my_robot_controller/build/lib/my_robot_controller
[2.663s] running install
[2.663s] /usr/lib/python3/dist-packages/setuptools/command/install.py:34: SetuptoolsDeprecationWarning: setup.py install is deprecated. Use build and pip and other standards-based tools.
[2.664s]   warnings.warn(
[2.664s] running install_lib
[2.666s] copying /home/ragul/ros2_workspace/build/my_robot_controller/build/lib/my_robot_controller/my_first_node.py -> /home/ragul/ros2_workspace/install/my_robot_controller/lib/python3.10/site-packages/my_robot_controller
[2.667s] byte-compiling /home/ragul/ros2_workspace/install/my_robot_controller/lib/python3.10/site-packages/my_robot_controller/my_first_node.py to my_first_node.cpython-310.pyc
[2.668s] running install_data
[2.669s] running install_egg_info
[2.671s] removing '/home/ragul/ros2_workspace/install/my_robot_controller/lib/python3.10/site-packages/my_robot_controller-0.0.0-py3.10.egg-info' (and everything under it)
[2.672s] Copying ../../build/my_robot_controller/my_robot_controller.egg-info to /home/ragul/ros2_workspace/install/my_robot_controller/lib/python3.10/site-packages/my_robot_controller-0.0.0-py3.10.egg-info
[2.673s] running install_scripts
[2.714s] Installing test_node script to /home/ragul/ros2_workspace/install/my_robot_controller/lib/my_robot_controller
[2.715s] writing list of installed files to '/home/ragul/ros2_workspace/build/my_robot_controller/install.log'
[2.763s] Invoked command in '/home/ragul/ros2_workspace/src/my_robot_controller' returned '0': PYTHONPATH=/home/ragul/ros2_workspace/build/my_robot_controller/prefix_override:/home/ragul/ros2_workspace/install/my_robot_controller/lib/python3.10/site-packages:${PYTHONPATH} /usr/bin/python3 setup.py egg_info --egg-base ../../build/my_robot_controller build --build-base /home/ragul/ros2_workspace/build/my_robot_controller/build install --record /home/ragul/ros2_workspace/build/my_robot_controller/install.log --single-version-externally-managed
