[1.246s] Invoking command in '/home/ragul/ros2_workspace/build/my_robot_controller': PYTHONPATH=/home/ragul/ros2_workspace/build/my_robot_controller/prefix_override:/home/ragul/ros2_workspace/install/my_robot_controller/lib/python3.10/site-packages:${PYTHONPATH} /usr/bin/python3 setup.py develop --uninstall --editable --build-directory /home/ragul/ros2_workspace/build/my_robot_controller/build
[1.773s] running develop
[1.774s] /usr/lib/python3/dist-packages/setuptools/command/easy_install.py:158: EasyInstallDeprecationWarning: easy_install command is deprecated. Use build and pip and other standards-based tools.
[1.774s]   warnings.warn(
[1.776s] /usr/lib/python3/dist-packages/setuptools/command/install.py:34: SetuptoolsDeprecationWarning: setup.py install is deprecated. Use build and pip and other standards-based tools.
[1.776s]   warnings.warn(
[2.115s] Removing /home/ragul/ros2_workspace/install/my_robot_controller/lib/python3.10/site-packages/my-robot-controller.egg-link (link to .)
[2.176s] Invoked command in '/home/ragul/ros2_workspace/build/my_robot_controller' returned '0': PYTHONPATH=/home/ragul/ros2_workspace/build/my_robot_controller/prefix_override:/home/ragul/ros2_workspace/install/my_robot_controller/lib/python3.10/site-packages:${PYTHONPATH} /usr/bin/python3 setup.py develop --uninstall --editable --build-directory /home/ragul/ros2_workspace/build/my_robot_controller/build
[2.179s] Invoking command in '/home/ragul/ros2_workspace/src/my_robot_controller': PYTHONPATH=/home/ragul/ros2_workspace/build/my_robot_controller/prefix_override:/home/ragul/ros2_workspace/install/my_robot_controller/lib/python3.10/site-packages:${PYTHONPATH} /usr/bin/python3 setup.py egg_info --egg-base ../../build/my_robot_controller build --build-base /home/ragul/ros2_workspace/build/my_robot_controller/build install --record /home/ragul/ros2_workspace/build/my_robot_controller/install.log --single-version-externally-managed
[2.668s] running egg_info
[2.670s] writing ../../build/my_robot_controller/my_robot_controller.egg-info/PKG-INFO
[2.670s] writing dependency_links to ../../build/my_robot_controller/my_robot_controller.egg-info/dependency_links.txt
[2.671s] writing entry points to ../../build/my_robot_controller/my_robot_controller.egg-info/entry_points.txt
[2.671s] writing requirements to ../../build/my_robot_controller/my_robot_controller.egg-info/requires.txt
[2.672s] writing top-level names to ../../build/my_robot_controller/my_robot_controller.egg-info/top_level.txt
[2.675s] reading manifest file '../../build/my_robot_controller/my_robot_controller.egg-info/SOURCES.txt'
[2.677s] writing manifest file '../../build/my_robot_controller/my_robot_controller.egg-info/SOURCES.txt'
[2.677s] running build
[2.677s] running build_py
[2.678s] running install
[2.678s] /usr/lib/python3/dist-packages/setuptools/command/install.py:34: SetuptoolsDeprecationWarning: setup.py install is deprecated. Use build and pip and other standards-based tools.
[2.678s]   warnings.warn(
[2.679s] running install_lib
[2.681s] creating /home/ragul/ros2_workspace/install/my_robot_controller/lib/python3.10/site-packages/my_robot_controller
[2.681s] copying /home/ragul/ros2_workspace/build/my_robot_controller/build/lib/my_robot_controller/my_first_node.py -> /home/ragul/ros2_workspace/install/my_robot_controller/lib/python3.10/site-packages/my_robot_controller
[2.681s] copying /home/ragul/ros2_workspace/build/my_robot_controller/build/lib/my_robot_controller/__init__.py -> /home/ragul/ros2_workspace/install/my_robot_controller/lib/python3.10/site-packages/my_robot_controller
[2.682s] byte-compiling /home/ragul/ros2_workspace/install/my_robot_controller/lib/python3.10/site-packages/my_robot_controller/my_first_node.py to my_first_node.cpython-310.pyc
[2.683s] byte-compiling /home/ragul/ros2_workspace/install/my_robot_controller/lib/python3.10/site-packages/my_robot_controller/__init__.py to __init__.cpython-310.pyc
[2.683s] running install_data
[2.685s] running install_egg_info
[2.688s] Copying ../../build/my_robot_controller/my_robot_controller.egg-info to /home/ragul/ros2_workspace/install/my_robot_controller/lib/python3.10/site-packages/my_robot_controller-0.0.0-py3.10.egg-info
[2.689s] running install_scripts
[2.731s] Installing test_node script to /home/ragul/ros2_workspace/install/my_robot_controller/lib/my_robot_controller
[2.732s] writing list of installed files to '/home/ragul/ros2_workspace/build/my_robot_controller/install.log'
[2.785s] Invoked command in '/home/ragul/ros2_workspace/src/my_robot_controller' returned '0': PYTHONPATH=/home/ragul/ros2_workspace/build/my_robot_controller/prefix_override:/home/ragul/ros2_workspace/install/my_robot_controller/lib/python3.10/site-packages:${PYTHONPATH} /usr/bin/python3 setup.py egg_info --egg-base ../../build/my_robot_controller build --build-base /home/ragul/ros2_workspace/build/my_robot_controller/build install --record /home/ragul/ros2_workspace/build/my_robot_controller/install.log --single-version-externally-managed
