[1.367s] Invoking command in '/home/ragul/ros2_workspace/build/my_robot_controller': PYTHONPATH=/home/ragul/ros2_workspace/build/my_robot_controller/prefix_override:/home/ragul/ros2_workspace/install/my_robot_controller/lib/python3.10/site-packages:${PYTHONPATH} /usr/bin/python3 setup.py develop --editable --build-directory /home/ragul/ros2_workspace/build/my_robot_controller/build --no-deps install_data
[1.930s] running develop
[1.933s] /usr/lib/python3/dist-packages/setuptools/command/easy_install.py:158: EasyInstallDeprecationWarning: easy_install command is deprecated. Use build and pip and other standards-based tools.
[1.933s]   warnings.warn(
[1.936s] /usr/lib/python3/dist-packages/setuptools/command/install.py:34: SetuptoolsDeprecationWarning: setup.py install is deprecated. Use build and pip and other standards-based tools.
[1.936s]   warnings.warn(
[2.292s] running egg_info
[2.292s] writing my_robot_controller.egg-info/PKG-INFO
[2.293s] writing dependency_links to my_robot_controller.egg-info/dependency_links.txt
[2.293s] writing entry points to my_robot_controller.egg-info/entry_points.txt
[2.294s] writing requirements to my_robot_controller.egg-info/requires.txt
[2.294s] writing top-level names to my_robot_controller.egg-info/top_level.txt
[2.297s] reading manifest file 'my_robot_controller.egg-info/SOURCES.txt'
[2.299s] writing manifest file 'my_robot_controller.egg-info/SOURCES.txt'
[2.302s] running build_ext
[2.302s] Creating /home/ragul/ros2_workspace/install/my_robot_controller/lib/python3.10/site-packages/my-robot-controller.egg-link (link to .)
[2.304s] Installing test_node script to /home/ragul/ros2_workspace/install/my_robot_controller/lib/my_robot_controller
[2.304s] 
[2.304s] Installed /home/ragul/ros2_workspace/build/my_robot_controller
[2.304s] running install_data
[2.372s] Invoked command in '/home/ragul/ros2_workspace/build/my_robot_controller' returned '0': PYTHONPATH=/home/ragul/ros2_workspace/build/my_robot_controller/prefix_override:/home/ragul/ros2_workspace/install/my_robot_controller/lib/python3.10/site-packages:${PYTHONPATH} /usr/bin/python3 setup.py develop --editable --build-directory /home/ragul/ros2_workspace/build/my_robot_controller/build --no-deps install_data
