[1.236s] Invoking command in '/home/ragul/ros2_workspace/build/my_robot_controller': PYTHONPATH=/home/ragul/ros2_workspace/build/my_robot_controller/prefix_override:/home/ragul/ros2_workspace/install/my_robot_controller/lib/python3.10/site-packages:${PYTHONPATH} /usr/bin/python3 setup.py develop --uninstall --editable --build-directory /home/ragul/ros2_workspace/build/my_robot_controller/build
[1.766s] running develop
[1.766s] /usr/lib/python3/dist-packages/setuptools/command/easy_install.py:158: EasyInstallDeprecationWarning: easy_install command is deprecated. Use build and pip and other standards-based tools.
[1.766s]   warnings.warn(
[1.769s] /usr/lib/python3/dist-packages/setuptools/command/install.py:34: SetuptoolsDeprecationWarning: setup.py install is deprecated. Use build and pip and other standards-based tools.
[1.769s]   warnings.warn(
[2.172s] Invoked command in '/home/ragul/ros2_workspace/build/my_robot_controller' returned '0': PYTHONPATH=/home/ragul/ros2_workspace/build/my_robot_controller/prefix_override:/home/ragul/ros2_workspace/install/my_robot_controller/lib/python3.10/site-packages:${PYTHONPATH} /usr/bin/python3 setup.py develop --uninstall --editable --build-directory /home/ragul/ros2_workspace/build/my_robot_controller/build
[2.174s] Invoking command in '/home/ragul/ros2_workspace/src/my_robot_controller': PYTHONPATH=/home/ragul/ros2_workspace/build/my_robot_controller/prefix_override:/home/ragul/ros2_workspace/install/my_robot_controller/lib/python3.10/site-packages:${PYTHONPATH} /usr/bin/python3 setup.py egg_info --egg-base ../../build/my_robot_controller build --build-base /home/ragul/ros2_workspace/build/my_robot_controller/build install --record /home/ragul/ros2_workspace/build/my_robot_controller/install.log --single-version-externally-managed
[2.670s] running egg_info
[2.671s] writing ../../build/my_robot_controller/my_robot_controller.egg-info/PKG-INFO
[2.672s] writing dependency_links to ../../build/my_robot_controller/my_robot_controller.egg-info/dependency_links.txt
[2.672s] writing entry points to ../../build/my_robot_controller/my_robot_controller.egg-info/entry_points.txt
[2.672s] writing requirements to ../../build/my_robot_controller/my_robot_controller.egg-info/requires.txt
[2.672s] writing top-level names to ../../build/my_robot_controller/my_robot_controller.egg-info/top_level.txt
[2.676s] reading manifest file '../../build/my_robot_controller/my_robot_controller.egg-info/SOURCES.txt'
[2.677s] writing manifest file '../../build/my_robot_controller/my_robot_controller.egg-info/SOURCES.txt'
[2.677s] running build
[2.678s] running build_py
[2.678s] copying my_robot_controller/my_first_node.py -> /home/ragul/ros2_workspace/build/my_robot_controller/build/lib/my_robot_controller
[2.678s] running install
[2.678s] /usr/lib/python3/dist-packages/setuptools/command/install.py:34: SetuptoolsDeprecationWarning: setup.py install is deprecated. Use build and pip and other standards-based tools.
[2.679s]   warnings.warn(
[2.679s] running install_lib
[2.680s] copying /home/ragul/ros2_workspace/build/my_robot_controller/build/lib/my_robot_controller/my_first_node.py -> /home/ragul/ros2_workspace/install/my_robot_controller/lib/python3.10/site-packages/my_robot_controller
[2.682s] byte-compiling /home/ragul/ros2_workspace/install/my_robot_controller/lib/python3.10/site-packages/my_robot_controller/my_first_node.py to my_first_node.cpython-310.pyc
[2.683s] running install_data
[2.683s] running install_egg_info
[2.686s] removing '/home/ragul/ros2_workspace/install/my_robot_controller/lib/python3.10/site-packages/my_robot_controller-0.0.0-py3.10.egg-info' (and everything under it)
[2.687s] Copying ../../build/my_robot_controller/my_robot_controller.egg-info to /home/ragul/ros2_workspace/install/my_robot_controller/lib/python3.10/site-packages/my_robot_controller-0.0.0-py3.10.egg-info
[2.688s] running install_scripts
[2.730s] Installing test_node script to /home/ragul/ros2_workspace/install/my_robot_controller/lib/my_robot_controller
[2.731s] writing list of installed files to '/home/ragul/ros2_workspace/build/my_robot_controller/install.log'
[2.781s] Invoked command in '/home/ragul/ros2_workspace/src/my_robot_controller' returned '0': PYTHONPATH=/home/ragul/ros2_workspace/build/my_robot_controller/prefix_override:/home/ragul/ros2_workspace/install/my_robot_controller/lib/python3.10/site-packages:${PYTHONPATH} /usr/bin/python3 setup.py egg_info --egg-base ../../build/my_robot_controller build --build-base /home/ragul/ros2_workspace/build/my_robot_controller/build install --record /home/ragul/ros2_workspace/build/my_robot_controller/install.log --single-version-externally-managed
