[1.362s] Invoking command in '/home/ragul/ros2_workspace/build/my_robot_controller': PYTHONPATH=/home/ragul/ros2_workspace/build/my_robot_controller/prefix_override:/home/ragul/ros2_workspace/install/my_robot_controller/lib/python3.10/site-packages:${PYTHONPATH} /usr/bin/python3 setup.py develop --uninstall --editable --build-directory /home/ragul/ros2_workspace/build/my_robot_controller/build
[1.916s] running develop
[1.917s] /usr/lib/python3/dist-packages/setuptools/command/easy_install.py:158: EasyInstallDeprecationWarning: easy_install command is deprecated. Use build and pip and other standards-based tools.
[1.917s]   warnings.warn(
[1.921s] /usr/lib/python3/dist-packages/setuptools/command/install.py:34: SetuptoolsDeprecationWarning: setup.py install is deprecated. Use build and pip and other standards-based tools.
[1.921s]   warnings.warn(
[2.343s] Invoked command in '/home/ragul/ros2_workspace/build/my_robot_controller' returned '0': PYTHONPATH=/home/ragul/ros2_workspace/build/my_robot_controller/prefix_override:/home/ragul/ros2_workspace/install/my_robot_controller/lib/python3.10/site-packages:${PYTHONPATH} /usr/bin/python3 setup.py develop --uninstall --editable --build-directory /home/ragul/ros2_workspace/build/my_robot_controller/build
[2.346s] Invoking command in '/home/ragul/ros2_workspace/src/my_robot_controller': PYTHONPATH=/home/ragul/ros2_workspace/build/my_robot_controller/prefix_override:/home/ragul/ros2_workspace/install/my_robot_controller/lib/python3.10/site-packages:${PYTHONPATH} /usr/bin/python3 setup.py egg_info --egg-base ../../build/my_robot_controller build --build-base /home/ragul/ros2_workspace/build/my_robot_controller/build install --record /home/ragul/ros2_workspace/build/my_robot_controller/install.log --single-version-externally-managed
[2.903s] running egg_info
[2.905s] writing ../../build/my_robot_controller/my_robot_controller.egg-info/PKG-INFO
[2.905s] writing dependency_links to ../../build/my_robot_controller/my_robot_controller.egg-info/dependency_links.txt
[2.906s] writing entry points to ../../build/my_robot_controller/my_robot_controller.egg-info/entry_points.txt
[2.906s] writing requirements to ../../build/my_robot_controller/my_robot_controller.egg-info/requires.txt
[2.906s] writing top-level names to ../../build/my_robot_controller/my_robot_controller.egg-info/top_level.txt
[2.912s] reading manifest file '../../build/my_robot_controller/my_robot_controller.egg-info/SOURCES.txt'
[2.915s] writing manifest file '../../build/my_robot_controller/my_robot_controller.egg-info/SOURCES.txt'
[2.915s] running build
[2.915s] running build_py
[2.916s] running install
[2.916s] /usr/lib/python3/dist-packages/setuptools/command/install.py:34: SetuptoolsDeprecationWarning: setup.py install is deprecated. Use build and pip and other standards-based tools.
[2.916s]   warnings.warn(
[2.918s] running install_lib
[2.921s] running install_data
[2.923s] running install_egg_info
[2.928s] removing '/home/ragul/ros2_workspace/install/my_robot_controller/lib/python3.10/site-packages/my_robot_controller-0.0.0-py3.10.egg-info' (and everything under it)
[2.929s] Copying ../../build/my_robot_controller/my_robot_controller.egg-info to /home/ragul/ros2_workspace/install/my_robot_controller/lib/python3.10/site-packages/my_robot_controller-0.0.0-py3.10.egg-info
[2.931s] running install_scripts
[2.987s] Installing test_node script to /home/ragul/ros2_workspace/install/my_robot_controller/lib/my_robot_controller
[2.988s] writing list of installed files to '/home/ragul/ros2_workspace/build/my_robot_controller/install.log'
[3.049s] Invoked command in '/home/ragul/ros2_workspace/src/my_robot_controller' returned '0': PYTHONPATH=/home/ragul/ros2_workspace/build/my_robot_controller/prefix_override:/home/ragul/ros2_workspace/install/my_robot_controller/lib/python3.10/site-packages:${PYTHONPATH} /usr/bin/python3 setup.py egg_info --egg-base ../../build/my_robot_controller build --build-base /home/ragul/ros2_workspace/build/my_robot_controller/build install --record /home/ragul/ros2_workspace/build/my_robot_controller/install.log --single-version-externally-managed
